2026-03-22 15:49:01,072 - INFO - Ingesting begin_inventory.csv in db
2026-03-22 15:49:05,115 - INFO - Ingesting end_inventory.csv in db
2026-03-22 15:49:15,554 - INFO - Ingesting purchases.csv in db
2026-03-22 15:50:15,131 - INFO - Ingesting purchase_prices.csv in db
2026-03-22 15:50:47,527 - INFO - Ingesting sales.csv in db
2026-03-22 23:47:20,053 - INFO - Ingesting begin_inventory.csv in db
2026-03-22 23:47:27,770 - INFO - Ingesting end_inventory.csv in db
2026-03-22 23:47:46,868 - INFO - Ingesting purchases.csv in db
2026-03-22 23:49:09,013 - INFO - Ingesting purchase_prices.csv in db
2026-03-22 23:49:53,471 - INFO - Ingesting sales.csv in db
2026-03-22 23:59:01,829 - INFO - Ingesting vendor_invoice.csv in db
2026-03-22 23:59:02,052 - INFO - -----------Ingestion Complete-----------
2026-03-22 23:59:02,052 - INFO - 
Total Time Taken: 11.712532007694245 minutes
2026-04-11 08:45:24,987 - INFO - Ingesting begin_inventory.csv in db
2026-04-11 08:45:26,659 - INFO - Ingesting end_inventory.csv in db
2026-04-11 08:45:31,354 - INFO - Ingesting purchases.csv in db
2026-04-11 08:45:59,711 - INFO - Ingesting purchase_prices.csv in db
2026-04-11 08:46:13,313 - INFO - Ingesting sales.csv in db
2026-04-11 08:53:12,376 - INFO - Ingesting vendor_invoice.csv in db
2026-04-11 08:53:12,606 - INFO - -----------Ingestion Complete-----------
2026-04-11 08:53:12,606 - INFO - 
Total Time Taken: 7.79709069331487 minutes
2026-05-06 13:02:36,905 - INFO - Creating Vendor Summary Table....
2026-05-06 13:03:09,981 - INFO -    VendorNumber                   VendorName  Brand              Description  \
0          1128  BROWN-FORMAN CORP             1233  Jack Daniels No 7 Black   
1          4425        MARTIGNETTI COMPANIES   3405    Tito's Handmade Vodka   
2         17035  PERNOD RICARD USA             8068         Absolut 80 Proof   
3          3960  DIAGEO NORTH AMERICA INC      4261   Capt Morgan Spiced Rum   
4          3960  DIAGEO NORTH AMERICA INC      3545          Ketel One Vodka   

   PurchasePrice  ActualPrice volume  TotalPurchaseQuantity  \
0          26.27        36.99   1750                 145080   
1          23.19        28.99   1750                 164038   
2          18.24        24.99   1750                 187407   
3          16.17        22.99   1750                 201682   
4          21.89        29.99   1750                 138109   

   TotalPurchaseDollars  TotalSalesQuantity  TotalSalesDollars  \
0            3811251.60            142049.0         5101919.51   
1            3804041.22            160247.0         4819073.49   
2            3418303.68            187140.0         4538120.60   
3            3261197.94            200412.0         4475972.88   
4            3023206.01            135838.0         4223107.62   

   TotalSalesPrice  TotalExciseTax  FreightCost  
0        672819.31       260999.20     68601.68  
1        561512.37       294438.66    144929.24  
2        461140.15       343854.07    123780.22  
3        420050.01       368242.80    257032.07  
4        545778.28       249587.83    257032.07  
2026-05-06 13:03:09,987 - INFO - cleaning Data.....
2026-05-06 13:34:37,526 - INFO - Creating Vendor Summary Table....
2026-05-06 13:35:05,801 - INFO -    VendorNumber                   VendorName  Brand              Description  \
0          1128  BROWN-FORMAN CORP             1233  Jack Daniels No 7 Black   
1          4425        MARTIGNETTI COMPANIES   3405    Tito's Handmade Vodka   
2         17035  PERNOD RICARD USA             8068         Absolut 80 Proof   
3          3960  DIAGEO NORTH AMERICA INC      4261   Capt Morgan Spiced Rum   
4          3960  DIAGEO NORTH AMERICA INC      3545          Ketel One Vodka   

   PurchasePrice  ActualPrice volume  TotalPurchaseQuantity  \
0          26.27        36.99   1750                 145080   
1          23.19        28.99   1750                 164038   
2          18.24        24.99   1750                 187407   
3          16.17        22.99   1750                 201682   
4          21.89        29.99   1750                 138109   

   TotalPurchaseDollars  TotalSalesQuantity  TotalSalesDollars  \
0            3811251.60            142049.0         5101919.51   
1            3804041.22            160247.0         4819073.49   
2            3418303.68            187140.0         4538120.60   
3            3261197.94            200412.0         4475972.88   
4            3023206.01            135838.0         4223107.62   

   TotalSalesPrice  TotalExciseTax  FreightCost  
0        672819.31       260999.20     68601.68  
1        561512.37       294438.66    144929.24  
2        461140.15       343854.07    123780.22  
3        420050.01       368242.80    257032.07  
4        545778.28       249587.83    257032.07  
2026-05-06 13:35:05,807 - INFO - cleaning Data.....
2026-05-06 13:40:05,535 - INFO - Creating Vendor Summary Table....
2026-05-06 13:40:32,296 - INFO -    VendorNumber                   VendorName  Brand              Description  \
0          1128  BROWN-FORMAN CORP             1233  Jack Daniels No 7 Black   
1          4425        MARTIGNETTI COMPANIES   3405    Tito's Handmade Vodka   
2         17035  PERNOD RICARD USA             8068         Absolut 80 Proof   
3          3960  DIAGEO NORTH AMERICA INC      4261   Capt Morgan Spiced Rum   
4          3960  DIAGEO NORTH AMERICA INC      3545          Ketel One Vodka   

   PurchasePrice  ActualPrice volume  TotalPurchaseQuantity  \
0          26.27        36.99   1750                 145080   
1          23.19        28.99   1750                 164038   
2          18.24        24.99   1750                 187407   
3          16.17        22.99   1750                 201682   
4          21.89        29.99   1750                 138109   

   TotalPurchaseDollars  TotalSalesQuantity  TotalSalesDollars  \
0            3811251.60            142049.0         5101919.51   
1            3804041.22            160247.0         4819073.49   
2            3418303.68            187140.0         4538120.60   
3            3261197.94            200412.0         4475972.88   
4            3023206.01            135838.0         4223107.62   

   TotalSalesPrice  TotalExciseTax  FreightCost  
0        672819.31       260999.20     68601.68  
1        561512.37       294438.66    144929.24  
2        461140.15       343854.07    123780.22  
3        420050.01       368242.80    257032.07  
4        545778.28       249587.83    257032.07  
2026-05-06 13:40:32,301 - INFO - cleaning Data.....
